2016-04-08 09:15:28,871 INFO  [Log] **************************************************************************************** 
2016-04-08 09:15:28,872 INFO  [Log] BEGIN MyActivitiesPageTomcat 
2016-04-08 09:15:28,872 INFO  [Log] **************************************************************************************** 
2016-04-08 09:15:31,298 INFO  [Log] verifyMyActivitiesPageTomcatdLink.1 
2016-04-08 09:15:31,313 INFO  [Log] verifyMyActivitiesPageTomcatdLink.2 
2016-04-08 09:15:33,073 INFO  [Log] **************************************************************************************** 
2016-04-08 09:15:33,073 INFO  [Log] END MyActivitiesPageTomcat 
2016-04-08 09:15:33,073 INFO  [Log] **************************************************************************************** 
2016-04-08 09:15:33,073 INFO  [Log] X 
2016-04-08 09:15:33,073 INFO  [Log] X 
2016-04-09 06:09:19,170 INFO  [Log] **************************************************************************************** 
2016-04-09 06:09:19,186 INFO  [Log] BEGIN MyActivitiesPageTomcat 
2016-04-09 06:09:19,186 INFO  [Log] **************************************************************************************** 
2016-04-09 06:09:23,207 INFO  [Log] **************************************************************************************** 
2016-04-09 06:09:23,207 INFO  [Log] END MyActivitiesPageTomcat 
2016-04-09 06:09:23,207 INFO  [Log] **************************************************************************************** 
2016-04-09 06:09:23,207 INFO  [Log] X 
2016-04-09 06:09:23,207 INFO  [Log] X 
2016-04-09 06:13:33,526 INFO  [Log] **************************************************************************************** 
2016-04-09 06:13:33,528 INFO  [Log] BEGIN MyActivitiesPageTomcat 
2016-04-09 06:13:33,528 INFO  [Log] **************************************************************************************** 
2016-04-09 06:13:36,681 INFO  [Log] **************************************************************************************** 
2016-04-09 06:13:36,681 INFO  [Log] END MyActivitiesPageTomcat 
2016-04-09 06:13:36,681 INFO  [Log] **************************************************************************************** 
2016-04-09 06:13:36,681 INFO  [Log] X 
2016-04-09 06:13:36,681 INFO  [Log] X 
2016-04-09 06:14:30,002 INFO  [Log] **************************************************************************************** 
2016-04-09 06:14:30,021 INFO  [Log] BEGIN MyActivitiesPageTomcat 
2016-04-09 06:14:30,021 INFO  [Log] **************************************************************************************** 
2016-04-09 06:14:33,466 INFO  [Log] verifyMyActivitiesPageTomcatdLink.1 
2016-04-09 06:14:33,480 INFO  [Log] verifyMyActivitiesPageTomcatdLink.2 
2016-04-09 06:14:34,077 INFO  [Log] **************************************************************************************** 
2016-04-09 06:14:34,078 INFO  [Log] END MyActivitiesPageTomcat 
2016-04-09 06:14:34,078 INFO  [Log] **************************************************************************************** 
2016-04-09 06:14:34,078 INFO  [Log] X 
2016-04-09 06:14:34,078 INFO  [Log] X 
2016-04-09 06:19:19,225 INFO  [Log] **************************************************************************************** 
2016-04-09 06:19:19,226 INFO  [Log] BEGIN MyActivitiesPageTomcat 
2016-04-09 06:19:19,227 INFO  [Log] **************************************************************************************** 
2016-04-09 06:19:22,623 INFO  [Log] verifyMyActivitiesPageTomcatdLink.1 
2016-04-09 06:19:22,643 INFO  [Log] verifyMyActivitiesPageTomcatdLink.2 
2016-04-09 06:19:23,429 INFO  [Log] **************************************************************************************** 
2016-04-09 06:19:23,429 INFO  [Log] END MyActivitiesPageTomcat 
2016-04-09 06:19:23,429 INFO  [Log] **************************************************************************************** 
2016-04-09 06:19:23,429 INFO  [Log] X 
2016-04-09 06:19:23,429 INFO  [Log] X 
2016-04-09 06:34:06,275 INFO  [Log] **************************************************************************************** 
2016-04-09 06:34:06,277 INFO  [Log] BEGIN MyActivitiesPageTomcat 
2016-04-09 06:34:06,277 INFO  [Log] **************************************************************************************** 
2016-04-09 06:34:10,358 INFO  [Log] verifyMyActivitiesPageTomcatdLink.1 
2016-04-09 06:34:10,377 INFO  [Log] verifyMyActivitiesPageTomcatdLink.2 
2016-04-09 06:34:10,990 INFO  [Log] **************************************************************************************** 
2016-04-09 06:34:10,990 INFO  [Log] END MyActivitiesPageTomcat 
2016-04-09 06:34:10,991 INFO  [Log] **************************************************************************************** 
2016-04-09 06:34:10,991 INFO  [Log] X 
2016-04-09 06:34:10,991 INFO  [Log] X 
2016-04-09 06:40:07,824 INFO  [Log] **************************************************************************************** 
2016-04-09 06:40:07,825 INFO  [Log] BEGIN MyActivitiesPageTomcat 
2016-04-09 06:40:07,826 INFO  [Log] **************************************************************************************** 
2016-04-09 06:40:11,394 INFO  [Log] verifyMyActivitiesPageTomcatdLink.1 
2016-04-09 06:40:11,418 INFO  [Log] verifyMyActivitiesPageTomcatdLink.2 
2016-04-09 06:40:12,359 INFO  [Log] **************************************************************************************** 
2016-04-09 06:40:12,359 INFO  [Log] END MyActivitiesPageTomcat 
2016-04-09 06:40:12,359 INFO  [Log] **************************************************************************************** 
2016-04-09 06:40:12,359 INFO  [Log] X 
2016-04-09 06:40:12,359 INFO  [Log] X 
2016-04-09 06:46:33,194 INFO  [Log] **************************************************************************************** 
2016-04-09 06:46:33,195 INFO  [Log] BEGIN MyActivitiesPageTomcat 
2016-04-09 06:46:33,195 INFO  [Log] **************************************************************************************** 
2016-04-09 06:46:33,210 INFO  [Log] MyActivities Page tests BEGIN... 
2016-04-09 06:46:33,215 INFO  [Log] Sign In Page functionality details... 
2016-04-09 06:46:33,215 INFO  [Log] verify SignIn (1) 
2016-04-09 06:46:33,378 INFO  [Log] Verify SignIn (2) 
2016-04-09 06:46:33,397 INFO  [Log] Assert (1) 
2016-04-09 06:46:33,433 INFO  [Log] Assert (2) 
2016-04-09 06:46:36,117 INFO  [Log] Assert (3) 
2016-04-09 06:46:36,117 INFO  [Log] My Activities Page Functions begin here.. 
2016-04-09 06:46:36,138 INFO  [Log] Assert (4) 
2016-04-09 06:46:36,190 INFO  [Log] Assert (5) 
2016-04-09 06:46:36,190 INFO  [Log] verifyMyActivitiesPageTomcatdLink.1 
2016-04-09 06:46:36,208 INFO  [Log] verifyMyActivitiesPageTomcatdLink.2 
2016-04-09 06:46:36,230 INFO  [Log] Assert (6) 
2016-04-09 06:46:36,267 INFO  [Log] Assert (7) 
2016-04-09 06:46:36,310 INFO  [Log] Assert (8) 
2016-04-09 06:46:36,368 INFO  [Log] Assert (9) 
2016-04-09 06:46:36,409 INFO  [Log] My Activities Page UserName is wheel37xr. 
2016-04-09 06:46:37,174 INFO  [Log] My Activities Page logout button clicked. 
2016-04-09 06:46:37,181 INFO  [Log] **************************************************************************************** 
2016-04-09 06:46:37,182 INFO  [Log] END MyActivitiesPageTomcat 
2016-04-09 06:46:37,183 INFO  [Log] **************************************************************************************** 
2016-04-09 06:46:37,183 INFO  [Log] X 
2016-04-09 06:46:37,183 INFO  [Log] X 
2016-04-09 07:43:49,293 INFO  [Log] **************************************************************************************** 
2016-04-09 07:43:49,295 INFO  [Log] BEGIN MyActivitiesPageTomcat 
2016-04-09 07:43:49,296 INFO  [Log] **************************************************************************************** 
2016-04-09 07:43:49,312 INFO  [Log] MyActivities Page tests BEGIN... 
2016-04-09 07:43:49,322 INFO  [Log] Sign In Page functionality details... 
2016-04-09 07:43:49,322 INFO  [Log] verify SignIn (1) 
2016-04-09 07:43:49,322 INFO  [Log] Verify SignIn (2) 
2016-04-09 07:43:49,340 INFO  [Log] Assert (1) 
2016-04-09 07:43:49,496 INFO  [Log] Assert (2) 
2016-04-09 07:43:52,720 INFO  [Log] Assert (3) 
2016-04-09 07:43:52,720 INFO  [Log] My Activities Page Functions begin here.. 
2016-04-09 07:43:52,738 INFO  [Log] Assert (4) 
2016-04-09 07:43:52,787 INFO  [Log] Assert (5) 
2016-04-09 07:43:52,787 INFO  [Log] verifyMyActivitiesPageTomcatdLink.1 
2016-04-09 07:43:52,806 INFO  [Log] verifyMyActivitiesPageTomcatdLink.2 
2016-04-09 07:43:52,833 INFO  [Log] Assert (6) 
2016-04-09 07:43:52,878 INFO  [Log] Assert (7) 
2016-04-09 07:43:52,920 INFO  [Log] Assert (8) 
2016-04-09 07:43:52,970 INFO  [Log] Assert (9) 
2016-04-09 07:43:53,013 INFO  [Log] My Activities Page UserName is wheel37xr. 
2016-04-09 07:43:53,574 INFO  [Log] My Activities Page logout button clicked. 
2016-04-09 07:43:53,581 INFO  [Log] **************************************************************************************** 
2016-04-09 07:43:53,581 INFO  [Log] END MyActivitiesPageTomcat 
2016-04-09 07:43:53,581 INFO  [Log] **************************************************************************************** 
2016-04-09 07:43:53,581 INFO  [Log] X 
2016-04-09 07:43:53,581 INFO  [Log] X 
2016-04-09 09:10:35,314 INFO  [Log] **************************************************************************************** 
2016-04-09 09:10:35,315 INFO  [Log] BEGIN MyActivitiesPageTomcat 
2016-04-09 09:10:35,317 INFO  [Log] **************************************************************************************** 
2016-04-09 09:10:35,338 INFO  [Log] MyActivities Page tests BEGIN... 
2016-04-09 09:10:35,347 INFO  [Log] Sign In Page functionality details... 
2016-04-09 09:10:35,347 INFO  [Log] verify SignIn (1) 
2016-04-09 09:10:35,347 INFO  [Log] Verify SignIn (2) 
2016-04-09 09:10:35,370 INFO  [Log] Assert (1) 
2016-04-09 09:10:35,597 INFO  [Log] Assert (2) 
2016-04-09 09:10:38,418 INFO  [Log] Assert (3) 
2016-04-09 09:10:38,418 INFO  [Log] My Activities Page Functions begin here.. 
2016-04-09 09:10:38,434 INFO  [Log] Assert (4) 
2016-04-09 09:10:38,472 INFO  [Log] Assert (5) 
2016-04-09 09:10:38,472 INFO  [Log] verifyMyActivitiesPageTomcatdLink.1 
2016-04-09 09:10:38,490 INFO  [Log] verifyMyActivitiesPageTomcatdLink.2 
2016-04-09 09:10:38,513 INFO  [Log] Assert (6) 
2016-04-09 09:10:38,542 INFO  [Log] Assert (7) 
2016-04-09 09:10:38,572 INFO  [Log] Assert (8) 
2016-04-09 09:10:38,608 INFO  [Log] Assert (9) 
2016-04-09 09:10:38,642 INFO  [Log] My Activities Page UserName is wheel37xr. 
2016-04-09 09:10:39,153 INFO  [Log] My Activities Page logout button clicked. 
2016-04-09 09:10:39,156 INFO  [Log] **************************************************************************************** 
2016-04-09 09:10:39,156 INFO  [Log] END MyActivitiesPageTomcat 
2016-04-09 09:10:39,156 INFO  [Log] **************************************************************************************** 
2016-04-09 09:10:39,156 INFO  [Log] X 
2016-04-09 09:10:39,156 INFO  [Log] X 
2016-04-11 21:30:26,544 INFO  [Log] **************************************************************************************** 
2016-04-11 21:30:26,645 INFO  [Log] BEGIN MyActivitiesPageTomcat 
2016-04-11 21:30:26,645 INFO  [Log] **************************************************************************************** 
2016-04-11 21:30:26,720 INFO  [Log] MyActivities Page tests BEGIN... 
2016-04-11 21:30:26,761 INFO  [Log] Sign In Page functionality details... 
2016-04-11 21:30:26,761 INFO  [Log] verify SignIn (1) 
2016-04-11 21:30:26,761 INFO  [Log] Verify SignIn (2) 
2016-04-11 21:30:26,783 INFO  [Log] Assert (1) 
2016-04-11 21:30:27,082 INFO  [Log] Assert (2) 
2016-04-11 21:30:30,780 INFO  [Log] Assert (3) 
2016-04-11 21:30:30,780 INFO  [Log] My Activities Page Functions begin here.. 
2016-04-11 21:30:30,795 INFO  [Log] Assert (4) 
2016-04-11 21:30:30,824 INFO  [Log] Assert (5) 
2016-04-11 21:30:30,824 INFO  [Log] verifyMyActivitiesPageTomcatdLink.1 
2016-04-11 21:30:30,836 INFO  [Log] verifyMyActivitiesPageTomcatdLink.2 
2016-04-11 21:30:30,855 INFO  [Log] Assert (6) 
2016-04-11 21:30:30,879 INFO  [Log] Assert (7) 
2016-04-11 21:30:30,908 INFO  [Log] Assert (8) 
2016-04-11 21:30:30,940 INFO  [Log] Assert (9) 
2016-04-11 21:30:30,942 INFO  [Log] **************************************************************************************** 
2016-04-11 21:30:30,942 INFO  [Log] END MyActivitiesPageTomcat 
2016-04-11 21:30:30,942 INFO  [Log] **************************************************************************************** 
2016-04-11 21:30:30,942 INFO  [Log] X 
2016-04-11 21:30:30,943 INFO  [Log] X 
2016-04-11 21:35:48,116 INFO  [Log] **************************************************************************************** 
2016-04-11 21:35:48,117 INFO  [Log] BEGIN MyActivitiesPageTomcat 
2016-04-11 21:35:48,117 INFO  [Log] **************************************************************************************** 
2016-04-11 21:35:48,154 INFO  [Log] MyActivities Page tests BEGIN... 
2016-04-11 21:35:48,165 INFO  [Log] Sign In Page functionality details... 
2016-04-11 21:35:48,165 INFO  [Log] verify SignIn (1) 
2016-04-11 21:35:48,165 INFO  [Log] Verify SignIn (2) 
2016-04-11 21:35:48,187 INFO  [Log] Assert (1) 
2016-04-11 21:35:48,340 INFO  [Log] Assert (2) 
2016-04-11 21:35:51,170 INFO  [Log] Assert (3) 
2016-04-11 21:35:51,170 INFO  [Log] My Activities Page Functions begin here.. 
2016-04-11 21:35:51,185 INFO  [Log] Assert (4) 
2016-04-11 21:35:51,232 INFO  [Log] Assert (5) 
2016-04-11 21:35:51,232 INFO  [Log] verifyMyActivitiesPageTomcatdLink.1 
2016-04-11 21:35:51,250 INFO  [Log] verifyMyActivitiesPageTomcatdLink.2 
2016-04-11 21:35:51,268 INFO  [Log] Assert (6) 
2016-04-11 21:35:51,305 INFO  [Log] Assert (7) 
2016-04-11 21:35:51,343 INFO  [Log] Assert (8) 
2016-04-11 21:35:51,389 INFO  [Log] Assert (9) 
2016-04-11 21:35:55,392 INFO  [Log] **************************************************************************************** 
2016-04-11 21:35:55,393 INFO  [Log] END MyActivitiesPageTomcat 
2016-04-11 21:35:55,393 INFO  [Log] **************************************************************************************** 
2016-04-11 21:35:55,393 INFO  [Log] X 
2016-04-11 21:35:55,393 INFO  [Log] X 
2016-04-11 22:35:32,742 INFO  [Log] **************************************************************************************** 
2016-04-11 22:35:32,743 INFO  [Log] BEGIN AccountProfilePageTomcat 
2016-04-11 22:35:32,744 INFO  [Log] **************************************************************************************** 
2016-04-11 22:35:39,567 INFO  [Log] **************************************************************************************** 
2016-04-11 22:35:39,567 INFO  [Log] END AccountProfilePageTomcat 
2016-04-11 22:35:39,567 INFO  [Log] **************************************************************************************** 
2016-04-11 22:35:39,568 INFO  [Log] X 
2016-04-11 22:35:39,568 INFO  [Log] X 
2016-04-11 22:37:42,551 INFO  [Log] **************************************************************************************** 
2016-04-11 22:37:42,553 INFO  [Log] BEGIN AccountProfilePageTomcat 
2016-04-11 22:37:42,553 INFO  [Log] **************************************************************************************** 
2016-04-11 22:37:49,619 INFO  [Log] **************************************************************************************** 
2016-04-11 22:37:49,619 INFO  [Log] END AccountProfilePageTomcat 
2016-04-11 22:37:49,619 INFO  [Log] **************************************************************************************** 
2016-04-11 22:37:49,619 INFO  [Log] X 
2016-04-11 22:37:49,619 INFO  [Log] X 
2016-04-11 22:44:12,404 INFO  [Log] **************************************************************************************** 
2016-04-11 22:44:12,405 INFO  [Log] BEGIN AccountProfilePageTomcat 
2016-04-11 22:44:12,405 INFO  [Log] **************************************************************************************** 
2016-04-11 22:44:19,543 INFO  [Log] AccountProfile after Pause 4000. 
2016-04-11 22:44:19,545 INFO  [Log] **************************************************************************************** 
2016-04-11 22:44:19,545 INFO  [Log] END AccountProfilePageTomcat 
2016-04-11 22:44:19,545 INFO  [Log] **************************************************************************************** 
2016-04-11 22:44:19,545 INFO  [Log] X 
2016-04-11 22:44:19,545 INFO  [Log] X 
2016-04-11 22:47:04,840 INFO  [Log] **************************************************************************************** 
2016-04-11 22:47:04,841 INFO  [Log] BEGIN AccountProfilePageTomcat 
2016-04-11 22:47:04,841 INFO  [Log] **************************************************************************************** 
2016-04-11 22:47:04,858 INFO  [Log] Syat the next mrthod sftrt 4000. 
2016-04-11 22:47:11,720 INFO  [Log] AccountProfile after Pause 4000. 
2016-04-11 22:47:11,722 INFO  [Log] **************************************************************************************** 
2016-04-11 22:47:11,722 INFO  [Log] END AccountProfilePageTomcat 
2016-04-11 22:47:11,722 INFO  [Log] **************************************************************************************** 
2016-04-11 22:47:11,722 INFO  [Log] X 
2016-04-11 22:47:11,722 INFO  [Log] X 
2016-04-11 22:54:44,789 INFO  [Log] **************************************************************************************** 
2016-04-11 22:54:44,790 INFO  [Log] BEGIN AccountProfilePageTomcat 
2016-04-11 22:54:44,791 INFO  [Log] **************************************************************************************** 
2016-04-11 22:54:44,810 INFO  [Log] Syat the next mrthod sftrt 4000. 
2016-04-11 22:54:52,433 INFO  [Log] AccountProfile after Pause 4000. 
2016-04-11 22:54:52,435 INFO  [Log] **************************************************************************************** 
2016-04-11 22:54:52,435 INFO  [Log] END AccountProfilePageTomcat 
2016-04-11 22:54:52,435 INFO  [Log] **************************************************************************************** 
2016-04-11 22:54:52,435 INFO  [Log] X 
2016-04-11 22:54:52,435 INFO  [Log] X 
2016-04-11 22:55:59,747 INFO  [Log] **************************************************************************************** 
2016-04-11 22:55:59,747 INFO  [Log] BEGIN AccountProfilePageTomcat 
2016-04-11 22:55:59,747 INFO  [Log] **************************************************************************************** 
2016-04-11 22:55:59,762 INFO  [Log] Syat the next mrthod sftrt 4000. 
2016-04-11 22:56:07,154 INFO  [Log] AccountProfile after Pause 4000. 
2016-04-11 22:56:07,156 INFO  [Log] **************************************************************************************** 
2016-04-11 22:56:07,156 INFO  [Log] END AccountProfilePageTomcat 
2016-04-11 22:56:07,156 INFO  [Log] **************************************************************************************** 
2016-04-11 22:56:07,156 INFO  [Log] X 
2016-04-11 22:56:07,157 INFO  [Log] X 
2016-04-11 23:03:49,359 INFO  [Log] **************************************************************************************** 
2016-04-11 23:03:49,360 INFO  [Log] BEGIN AccountProfilePageTomcat 
2016-04-11 23:03:49,361 INFO  [Log] **************************************************************************************** 
2016-04-11 23:03:49,374 INFO  [Log] Syat the next mrthod sftrt 4000. 
2016-04-11 23:03:56,360 INFO  [Log] AccountProfile after Pause 4000. 
2016-04-11 23:03:56,362 INFO  [Log] **************************************************************************************** 
2016-04-11 23:03:56,362 INFO  [Log] END AccountProfilePageTomcat 
2016-04-11 23:03:56,362 INFO  [Log] **************************************************************************************** 
2016-04-11 23:03:56,362 INFO  [Log] X 
2016-04-11 23:03:56,362 INFO  [Log] X 
2016-04-11 23:05:04,697 INFO  [Log] **************************************************************************************** 
2016-04-11 23:05:04,699 INFO  [Log] BEGIN AccountProfilePageTomcat 
2016-04-11 23:05:04,699 INFO  [Log] **************************************************************************************** 
2016-04-11 23:05:04,715 INFO  [Log] Syat the next mrthod sftrt 4000. 
2016-04-11 23:05:11,915 INFO  [Log] AccountProfile after Pause 4000. 
2016-04-11 23:05:11,917 INFO  [Log] **************************************************************************************** 
2016-04-11 23:05:11,917 INFO  [Log] END AccountProfilePageTomcat 
2016-04-11 23:05:11,917 INFO  [Log] **************************************************************************************** 
2016-04-11 23:05:11,917 INFO  [Log] X 
2016-04-11 23:05:11,917 INFO  [Log] X 
2016-04-11 23:11:42,252 INFO  [Log] **************************************************************************************** 
2016-04-11 23:11:42,253 INFO  [Log] BEGIN AccountProfilePageTomcat 
2016-04-11 23:11:42,253 INFO  [Log] **************************************************************************************** 
2016-04-11 23:11:49,614 INFO  [Log] AccountProfile after Pause 4000. 
2016-04-11 23:11:49,614 INFO  [Log] Syat the next mrthod sftrt 4000. 
2016-04-11 23:11:50,088 INFO  [Log] My Activities Page logout button clicked. 
2016-04-11 23:11:50,090 INFO  [Log] **************************************************************************************** 
2016-04-11 23:11:50,090 INFO  [Log] END AccountProfilePageTomcat 
2016-04-11 23:11:50,090 INFO  [Log] **************************************************************************************** 
2016-04-11 23:11:50,090 INFO  [Log] X 
2016-04-11 23:11:50,090 INFO  [Log] X 
2016-04-12 05:56:30,875 INFO  [Log] **************************************************************************************** 
2016-04-12 05:56:30,877 INFO  [Log] BEGIN AccountProfilePageTomcat 
2016-04-12 05:56:30,877 INFO  [Log] **************************************************************************************** 
2016-04-12 05:56:38,488 INFO  [Log] AccountProfile after Pause 4000. 
2016-04-12 05:56:38,488 INFO  [Log] Syat the next mrthod sftrt 4000. 
2016-04-12 05:56:38,917 INFO  [Log] My Activities Page logout button clicked. 
2016-04-12 05:56:38,920 INFO  [Log] **************************************************************************************** 
2016-04-12 05:56:38,920 INFO  [Log] END AccountProfilePageTomcat 
2016-04-12 05:56:38,920 INFO  [Log] **************************************************************************************** 
2016-04-12 05:56:38,920 INFO  [Log] X 
2016-04-12 05:56:38,920 INFO  [Log] X 
2016-04-12 06:04:09,038 INFO  [Log] **************************************************************************************** 
2016-04-12 06:04:09,039 INFO  [Log] BEGIN AccountProfilePageTomcat 
2016-04-12 06:04:09,040 INFO  [Log] **************************************************************************************** 
2016-04-12 06:04:16,477 INFO  [Log] AccountProfile after Pause 4000. 
2016-04-12 06:04:16,477 INFO  [Log] Syat the next mrthod sftrt 4000. 
2016-04-12 06:04:16,905 INFO  [Log] My Activities Page logout button clicked. 
2016-04-12 06:04:16,911 INFO  [Log] **************************************************************************************** 
2016-04-12 06:04:16,911 INFO  [Log] END AccountProfilePageTomcat 
2016-04-12 06:04:16,911 INFO  [Log] **************************************************************************************** 
2016-04-12 06:04:16,911 INFO  [Log] X 
2016-04-12 06:04:16,911 INFO  [Log] X 
2016-04-12 06:36:40,428 INFO  [Log] **************************************************************************************** 
2016-04-12 06:36:40,429 INFO  [Log] BEGIN ChangEmailPageTomcat 
2016-04-12 06:36:40,431 INFO  [Log] **************************************************************************************** 
2016-04-12 06:36:49,012 INFO  [Log] AccountProfile after Pause 4000. 
2016-04-12 06:36:49,012 INFO  [Log] Syat the next mrthod sftrt 4000. 
2016-04-12 06:36:49,441 INFO  [Log] My Activities Page logout button clicked. 
2016-04-12 06:36:49,443 INFO  [Log] **************************************************************************************** 
2016-04-12 06:36:49,443 INFO  [Log] END ChangeEmailPageTomcat 
2016-04-12 06:36:49,443 INFO  [Log] **************************************************************************************** 
2016-04-12 06:36:49,443 INFO  [Log] X 
2016-04-12 06:36:49,443 INFO  [Log] X 
2016-04-12 07:25:04,055 INFO  [Log] **************************************************************************************** 
2016-04-12 07:25:04,056 INFO  [Log] BEGIN ChangEmailPageTomcat 
2016-04-12 07:25:04,057 INFO  [Log] **************************************************************************************** 
2016-04-12 07:25:12,481 INFO  [Log] AccountProfile after Pause 4000. 
2016-04-12 07:25:12,481 INFO  [Log] Syat the next mrthod sftrt 4000. 
2016-04-12 07:25:13,027 INFO  [Log] My Activities Page logout button clicked. 
2016-04-12 07:25:13,030 INFO  [Log] **************************************************************************************** 
2016-04-12 07:25:13,030 INFO  [Log] END ChangeEmailPageTomcat 
2016-04-12 07:25:13,030 INFO  [Log] **************************************************************************************** 
2016-04-12 07:25:13,030 INFO  [Log] X 
2016-04-12 07:25:13,031 INFO  [Log] X 
2016-04-13 06:15:43,144 INFO  [Log] **************************************************************************************** 
2016-04-13 06:15:43,166 INFO  [Log] BEGIN ChangEmailPageTomcat 
2016-04-13 06:15:43,167 INFO  [Log] **************************************************************************************** 
2016-04-13 06:15:53,231 INFO  [Log] AccountProfile after Pause 4000. 
2016-04-13 06:15:53,231 INFO  [Log] Syat the next mrthod sftrt 4000. 
2016-04-13 06:15:54,046 INFO  [Log] My Activities Page logout button clicked. 
2016-04-13 06:15:54,049 INFO  [Log] **************************************************************************************** 
2016-04-13 06:15:54,049 INFO  [Log] END ChangeEmailPageTomcat 
2016-04-13 06:15:54,049 INFO  [Log] **************************************************************************************** 
2016-04-13 06:15:54,049 INFO  [Log] X 
2016-04-13 06:15:54,049 INFO  [Log] X 
2016-04-13 06:56:22,675 INFO  [Log] **************************************************************************************** 
2016-04-13 06:56:22,676 INFO  [Log] BEGIN ChangEmailPageTomcat 
2016-04-13 06:56:22,677 INFO  [Log] **************************************************************************************** 
2016-04-13 06:56:26,382 INFO  [Log] **************************************************************************************** 
2016-04-13 06:56:26,382 INFO  [Log] END ChangeEmailPageTomcat 
2016-04-13 06:56:26,382 INFO  [Log] **************************************************************************************** 
2016-04-13 06:56:26,382 INFO  [Log] X 
2016-04-13 06:56:26,382 INFO  [Log] X 
2016-04-13 06:57:53,149 INFO  [Log] **************************************************************************************** 
2016-04-13 06:57:53,150 INFO  [Log] BEGIN ChangEmailPageTomcat 
2016-04-13 06:57:53,150 INFO  [Log] **************************************************************************************** 
2016-04-13 06:57:57,078 INFO  [Log] **************************************************************************************** 
2016-04-13 06:57:57,078 INFO  [Log] END ChangeEmailPageTomcat 
2016-04-13 06:57:57,078 INFO  [Log] **************************************************************************************** 
2016-04-13 06:57:57,078 INFO  [Log] X 
2016-04-13 06:57:57,078 INFO  [Log] X 
2016-04-13 07:00:43,200 INFO  [Log] **************************************************************************************** 
2016-04-13 07:00:43,201 INFO  [Log] BEGIN ChangEmailPageTomcat 
2016-04-13 07:00:43,201 INFO  [Log] **************************************************************************************** 
2016-04-13 07:00:46,918 INFO  [Log] **************************************************************************************** 
2016-04-13 07:00:46,918 INFO  [Log] END ChangeEmailPageTomcat 
2016-04-13 07:00:46,918 INFO  [Log] **************************************************************************************** 
2016-04-13 07:00:46,919 INFO  [Log] X 
2016-04-13 07:00:46,919 INFO  [Log] X 
2016-04-13 07:04:38,763 INFO  [Log] **************************************************************************************** 
2016-04-13 07:04:38,765 INFO  [Log] BEGIN ChangEmailPageTomcat 
2016-04-13 07:04:38,766 INFO  [Log] **************************************************************************************** 
2016-04-13 07:04:43,253 INFO  [Log] AccountProfile after Pause 4000. 
2016-04-13 07:04:43,253 INFO  [Log] Syat the next mrthod sftrt 4000. 
2016-04-13 07:04:43,852 INFO  [Log] My Activities Page logout button clicked. 
2016-04-13 07:04:43,856 INFO  [Log] **************************************************************************************** 
2016-04-13 07:04:43,856 INFO  [Log] END ChangeEmailPageTomcat 
2016-04-13 07:04:43,856 INFO  [Log] **************************************************************************************** 
2016-04-13 07:04:43,857 INFO  [Log] X 
2016-04-13 07:04:43,857 INFO  [Log] X 
2016-04-13 07:17:49,475 INFO  [Log] **************************************************************************************** 
2016-04-13 07:17:49,477 INFO  [Log] BEGIN ChangEmailPageTomcat 
2016-04-13 07:17:49,477 INFO  [Log] **************************************************************************************** 
2016-04-13 07:17:53,997 INFO  [Log] **************************************************************************************** 
2016-04-13 07:17:53,997 INFO  [Log] END ChangeEmailPageTomcat 
2016-04-13 07:17:53,998 INFO  [Log] **************************************************************************************** 
2016-04-13 07:17:53,998 INFO  [Log] X 
2016-04-13 07:17:53,998 INFO  [Log] X 
2016-04-13 07:21:12,850 INFO  [Log] **************************************************************************************** 
2016-04-13 07:21:12,851 INFO  [Log] BEGIN ChangEmailPageTomcat 
2016-04-13 07:21:12,851 INFO  [Log] **************************************************************************************** 
2016-04-13 07:21:16,605 INFO  [Log] **************************************************************************************** 
2016-04-13 07:21:16,605 INFO  [Log] END ChangeEmailPageTomcat 
2016-04-13 07:21:16,605 INFO  [Log] **************************************************************************************** 
2016-04-13 07:21:16,605 INFO  [Log] X 
2016-04-13 07:21:16,605 INFO  [Log] X 
2016-04-13 07:23:11,258 INFO  [Log] **************************************************************************************** 
2016-04-13 07:23:11,259 INFO  [Log] BEGIN ChangEmailPageTomcat 
2016-04-13 07:23:11,259 INFO  [Log] **************************************************************************************** 
2016-04-13 07:23:15,048 INFO  [Log] **************************************************************************************** 
2016-04-13 07:23:15,048 INFO  [Log] END ChangeEmailPageTomcat 
2016-04-13 07:23:15,048 INFO  [Log] **************************************************************************************** 
2016-04-13 07:23:15,048 INFO  [Log] X 
2016-04-13 07:23:15,048 INFO  [Log] X 
2016-04-13 07:27:15,694 INFO  [Log] **************************************************************************************** 
2016-04-13 07:27:15,695 INFO  [Log] BEGIN ChangEmailPageTomcat 
2016-04-13 07:27:15,695 INFO  [Log] **************************************************************************************** 
2016-04-13 07:27:19,470 INFO  [Log] **************************************************************************************** 
2016-04-13 07:27:19,470 INFO  [Log] END ChangeEmailPageTomcat 
2016-04-13 07:27:19,471 INFO  [Log] **************************************************************************************** 
2016-04-13 07:27:19,471 INFO  [Log] X 
2016-04-13 07:27:19,471 INFO  [Log] X 
2016-04-13 07:30:26,624 INFO  [Log] **************************************************************************************** 
2016-04-13 07:30:26,625 INFO  [Log] BEGIN ChangEmailPageTomcat 
2016-04-13 07:30:26,627 INFO  [Log] **************************************************************************************** 
2016-04-13 07:30:30,971 INFO  [Log] **************************************************************************************** 
2016-04-13 07:30:30,971 INFO  [Log] END ChangeEmailPageTomcat 
2016-04-13 07:30:30,971 INFO  [Log] **************************************************************************************** 
2016-04-13 07:30:30,971 INFO  [Log] X 
2016-04-13 07:30:30,971 INFO  [Log] X 
2016-04-13 07:32:52,013 INFO  [Log] **************************************************************************************** 
2016-04-13 07:32:52,014 INFO  [Log] BEGIN ChangEmailPageTomcat 
2016-04-13 07:32:52,015 INFO  [Log] **************************************************************************************** 
2016-04-13 07:32:56,006 INFO  [Log] **************************************************************************************** 
2016-04-13 07:32:56,006 INFO  [Log] END ChangeEmailPageTomcat 
2016-04-13 07:32:56,007 INFO  [Log] **************************************************************************************** 
2016-04-13 07:32:56,007 INFO  [Log] X 
2016-04-13 07:32:56,007 INFO  [Log] X 
2016-04-13 07:34:33,537 INFO  [Log] **************************************************************************************** 
2016-04-13 07:34:33,539 INFO  [Log] BEGIN ChangEmailPageTomcat 
2016-04-13 07:34:33,539 INFO  [Log] **************************************************************************************** 
2016-04-13 07:34:38,692 INFO  [Log] **************************************************************************************** 
2016-04-13 07:34:38,692 INFO  [Log] END ChangeEmailPageTomcat 
2016-04-13 07:34:38,692 INFO  [Log] **************************************************************************************** 
2016-04-13 07:34:38,692 INFO  [Log] X 
2016-04-13 07:34:38,693 INFO  [Log] X 
2016-04-13 21:17:09,934 INFO  [Log] **************************************************************************************** 
2016-04-13 21:17:09,945 INFO  [Log] BEGIN ChangEmailPageTomcat 
2016-04-13 21:17:09,945 INFO  [Log] **************************************************************************************** 
2016-04-13 21:17:15,125 INFO  [Log] **************************************************************************************** 
2016-04-13 21:17:15,125 INFO  [Log] END ChangeEmailPageTomcat 
2016-04-13 21:17:15,125 INFO  [Log] **************************************************************************************** 
2016-04-13 21:17:15,125 INFO  [Log] X 
2016-04-13 21:17:15,125 INFO  [Log] X 
2016-04-13 21:29:33,882 INFO  [Log] **************************************************************************************** 
2016-04-13 21:29:33,883 INFO  [Log] BEGIN ChangEmailPageTomcat 
2016-04-13 21:29:33,885 INFO  [Log] **************************************************************************************** 
2016-04-13 21:31:21,290 INFO  [Log] **************************************************************************************** 
2016-04-13 21:31:21,290 INFO  [Log] END ChangeEmailPageTomcat 
2016-04-13 21:31:21,290 INFO  [Log] **************************************************************************************** 
2016-04-13 21:31:21,290 INFO  [Log] X 
2016-04-13 21:31:21,291 INFO  [Log] X 
2016-04-13 21:35:13,978 INFO  [Log] **************************************************************************************** 
2016-04-13 21:35:13,979 INFO  [Log] BEGIN ChangEmailPageTomcat 
2016-04-13 21:35:13,981 INFO  [Log] **************************************************************************************** 
2016-04-13 21:35:18,888 INFO  [Log] **************************************************************************************** 
2016-04-13 21:35:18,888 INFO  [Log] END ChangeEmailPageTomcat 
2016-04-13 21:35:18,888 INFO  [Log] **************************************************************************************** 
2016-04-13 21:35:18,888 INFO  [Log] X 
2016-04-13 21:35:18,889 INFO  [Log] X 
2016-04-13 22:54:52,823 INFO  [Log] **************************************************************************************** 
2016-04-13 22:54:52,824 INFO  [Log] BEGIN ChangEmailPageTomcat 
2016-04-13 22:54:52,824 INFO  [Log] **************************************************************************************** 
2016-04-13 22:55:01,585 INFO  [Log] **************************************************************************************** 
2016-04-13 22:55:01,585 INFO  [Log] END ChangeEmailPageTomcat 
2016-04-13 22:55:01,585 INFO  [Log] **************************************************************************************** 
2016-04-13 22:55:01,585 INFO  [Log] X 
2016-04-13 22:55:01,585 INFO  [Log] X 
2016-04-13 22:56:17,497 INFO  [Log] **************************************************************************************** 
2016-04-13 22:56:17,498 INFO  [Log] BEGIN ChangEmailPageTomcat 
2016-04-13 22:56:17,498 INFO  [Log] **************************************************************************************** 
2016-04-13 22:56:31,728 INFO  [Log] **************************************************************************************** 
2016-04-13 22:56:31,728 INFO  [Log] END ChangeEmailPageTomcat 
2016-04-13 22:56:31,728 INFO  [Log] **************************************************************************************** 
2016-04-13 22:56:31,728 INFO  [Log] X 
2016-04-13 22:56:31,728 INFO  [Log] X 
2016-04-13 23:08:16,841 INFO  [Log] **************************************************************************************** 
2016-04-13 23:08:16,842 INFO  [Log] BEGIN ChangEmailPageTomcat 
2016-04-13 23:08:16,842 INFO  [Log] **************************************************************************************** 
2016-04-13 23:08:32,962 INFO  [Log] **************************************************************************************** 
2016-04-13 23:08:32,962 INFO  [Log] END ChangeEmailPageTomcat 
2016-04-13 23:08:32,962 INFO  [Log] **************************************************************************************** 
2016-04-13 23:08:32,962 INFO  [Log] X 
2016-04-13 23:08:32,963 INFO  [Log] X 
2016-04-13 23:10:06,570 INFO  [Log] **************************************************************************************** 
2016-04-13 23:10:06,571 INFO  [Log] BEGIN ChangEmailPageTomcat 
2016-04-13 23:10:06,573 INFO  [Log] **************************************************************************************** 
2016-04-13 23:10:24,666 INFO  [Log] **************************************************************************************** 
2016-04-13 23:10:24,666 INFO  [Log] END ChangeEmailPageTomcat 
2016-04-13 23:10:24,667 INFO  [Log] **************************************************************************************** 
2016-04-13 23:10:24,667 INFO  [Log] X 
2016-04-13 23:10:24,667 INFO  [Log] X 
2016-04-13 23:14:14,021 INFO  [Log] **************************************************************************************** 
2016-04-13 23:14:14,023 INFO  [Log] BEGIN ChangEmailPageTomcat 
2016-04-13 23:14:14,024 INFO  [Log] **************************************************************************************** 
2016-04-13 23:14:32,125 INFO  [Log] **************************************************************************************** 
2016-04-13 23:14:32,125 INFO  [Log] END ChangeEmailPageTomcat 
2016-04-13 23:14:32,126 INFO  [Log] **************************************************************************************** 
2016-04-13 23:14:32,126 INFO  [Log] X 
2016-04-13 23:14:32,126 INFO  [Log] X 
2016-04-13 23:17:15,505 INFO  [Log] **************************************************************************************** 
2016-04-13 23:17:15,506 INFO  [Log] BEGIN ChangEmailPageTomcat 
2016-04-13 23:17:15,506 INFO  [Log] **************************************************************************************** 
2016-04-13 23:17:29,621 INFO  [Log] **************************************************************************************** 
2016-04-13 23:17:29,621 INFO  [Log] END ChangeEmailPageTomcat 
2016-04-13 23:17:29,621 INFO  [Log] **************************************************************************************** 
2016-04-13 23:17:29,621 INFO  [Log] X 
2016-04-13 23:17:29,621 INFO  [Log] X 
2016-04-13 23:19:59,016 INFO  [Log] **************************************************************************************** 
2016-04-13 23:19:59,017 INFO  [Log] BEGIN ChangEmailPageTomcat 
2016-04-13 23:19:59,017 INFO  [Log] **************************************************************************************** 
2016-04-13 23:20:13,225 INFO  [Log] **************************************************************************************** 
2016-04-13 23:20:13,225 INFO  [Log] END ChangeEmailPageTomcat 
2016-04-13 23:20:13,225 INFO  [Log] **************************************************************************************** 
2016-04-13 23:20:13,225 INFO  [Log] X 
2016-04-13 23:20:13,225 INFO  [Log] X 
2016-04-13 23:20:55,894 INFO  [Log] **************************************************************************************** 
2016-04-13 23:20:55,895 INFO  [Log] BEGIN ChangEmailPageTomcat 
2016-04-13 23:20:55,895 INFO  [Log] **************************************************************************************** 
2016-04-13 23:21:14,322 INFO  [Log] **************************************************************************************** 
2016-04-13 23:21:14,322 INFO  [Log] END ChangeEmailPageTomcat 
2016-04-13 23:21:14,322 INFO  [Log] **************************************************************************************** 
2016-04-13 23:21:14,322 INFO  [Log] X 
2016-04-13 23:21:14,323 INFO  [Log] X 
2016-04-13 23:21:58,834 INFO  [Log] **************************************************************************************** 
2016-04-13 23:21:58,836 INFO  [Log] BEGIN ChangEmailPageTomcat 
2016-04-13 23:21:58,836 INFO  [Log] **************************************************************************************** 
2016-04-13 23:22:16,690 INFO  [Log] **************************************************************************************** 
2016-04-13 23:22:16,690 INFO  [Log] END ChangeEmailPageTomcat 
2016-04-13 23:22:16,690 INFO  [Log] **************************************************************************************** 
2016-04-13 23:22:16,690 INFO  [Log] X 
2016-04-13 23:22:16,690 INFO  [Log] X 
2016-04-13 23:26:33,287 INFO  [Log] **************************************************************************************** 
2016-04-13 23:26:33,288 INFO  [Log] BEGIN ChangEmailPageTomcat 
2016-04-13 23:26:33,290 INFO  [Log] **************************************************************************************** 
2016-04-13 23:26:51,427 INFO  [Log] **************************************************************************************** 
2016-04-13 23:26:51,427 INFO  [Log] END ChangeEmailPageTomcat 
2016-04-13 23:26:51,427 INFO  [Log] **************************************************************************************** 
2016-04-13 23:26:51,427 INFO  [Log] X 
2016-04-13 23:26:51,427 INFO  [Log] X 
2016-04-13 23:27:36,350 INFO  [Log] **************************************************************************************** 
2016-04-13 23:27:36,351 INFO  [Log] BEGIN ChangEmailPageTomcat 
2016-04-13 23:27:36,352 INFO  [Log] **************************************************************************************** 
2016-04-13 23:27:58,660 INFO  [Log] **************************************************************************************** 
2016-04-13 23:27:58,661 INFO  [Log] END ChangeEmailPageTomcat 
2016-04-13 23:27:58,661 INFO  [Log] **************************************************************************************** 
2016-04-13 23:27:58,661 INFO  [Log] X 
2016-04-13 23:27:58,661 INFO  [Log] X 
2016-04-13 23:29:01,371 INFO  [Log] **************************************************************************************** 
2016-04-13 23:29:01,374 INFO  [Log] BEGIN ChangEmailPageTomcat 
2016-04-13 23:29:01,375 INFO  [Log] **************************************************************************************** 
2016-04-13 23:29:23,769 INFO  [Log] **************************************************************************************** 
2016-04-13 23:29:23,769 INFO  [Log] END ChangeEmailPageTomcat 
2016-04-13 23:29:23,769 INFO  [Log] **************************************************************************************** 
2016-04-13 23:29:23,770 INFO  [Log] X 
2016-04-13 23:29:23,770 INFO  [Log] X 
2016-04-13 23:32:09,140 INFO  [Log] **************************************************************************************** 
2016-04-13 23:32:09,141 INFO  [Log] BEGIN ChangEmailPageTomcat 
2016-04-13 23:32:09,143 INFO  [Log] **************************************************************************************** 
2016-04-13 23:32:37,282 INFO  [Log] AccountProfile after Pause 4000. 
2016-04-13 23:32:37,282 INFO  [Log] Start the next method start 4000. 
2016-04-13 23:32:37,873 INFO  [Log] My Activities Page logout button clicked. 
2016-04-13 23:32:37,879 INFO  [Log] **************************************************************************************** 
2016-04-13 23:32:37,879 INFO  [Log] END ChangeEmailPageTomcat 
2016-04-13 23:32:37,879 INFO  [Log] **************************************************************************************** 
2016-04-13 23:32:37,879 INFO  [Log] X 
2016-04-13 23:32:37,879 INFO  [Log] X 
2016-04-13 23:34:18,464 INFO  [Log] **************************************************************************************** 
2016-04-13 23:34:18,465 INFO  [Log] BEGIN ChangEmailPageTomcat 
2016-04-13 23:34:18,465 INFO  [Log] **************************************************************************************** 
2016-04-13 23:34:41,415 INFO  [Log] AccountProfile after Pause 4000. 
2016-04-13 23:34:41,415 INFO  [Log] Start the next method start 4000. 
2016-04-13 23:34:41,896 INFO  [Log] My Activities Page logout button clicked. 
2016-04-13 23:34:41,898 INFO  [Log] **************************************************************************************** 
2016-04-13 23:34:41,898 INFO  [Log] END ChangeEmailPageTomcat 
2016-04-13 23:34:41,898 INFO  [Log] **************************************************************************************** 
2016-04-13 23:34:41,898 INFO  [Log] X 
2016-04-13 23:34:41,898 INFO  [Log] X 
2016-04-13 23:37:14,324 INFO  [Log] **************************************************************************************** 
2016-04-13 23:37:14,325 INFO  [Log] BEGIN ChangEmailPageTomcat 
2016-04-13 23:37:14,325 INFO  [Log] **************************************************************************************** 
2016-04-13 23:37:38,202 INFO  [Log] AccountProfile after Pause 4000. 
2016-04-13 23:37:38,202 INFO  [Log] Start the next method start 4000. 
2016-04-13 23:37:38,720 INFO  [Log] My Activities Page logout button clicked. 
2016-04-13 23:37:38,722 INFO  [Log] **************************************************************************************** 
2016-04-13 23:37:38,722 INFO  [Log] END ChangeEmailPageTomcat 
2016-04-13 23:37:38,722 INFO  [Log] **************************************************************************************** 
2016-04-13 23:37:38,722 INFO  [Log] X 
2016-04-13 23:37:38,722 INFO  [Log] X 
2016-04-13 23:52:15,940 INFO  [Log] **************************************************************************************** 
2016-04-13 23:52:15,941 INFO  [Log] BEGIN ChangEmailPageTomcat 
2016-04-13 23:52:15,941 INFO  [Log] **************************************************************************************** 
2016-04-13 23:52:25,047 INFO  [Log] **************************************************************************************** 
2016-04-13 23:52:25,047 INFO  [Log] END ChangeEmailPageTomcat 
2016-04-13 23:52:25,047 INFO  [Log] **************************************************************************************** 
2016-04-13 23:52:25,047 INFO  [Log] X 
2016-04-13 23:52:25,047 INFO  [Log] X 
2016-04-13 23:53:43,073 INFO  [Log] **************************************************************************************** 
2016-04-13 23:53:43,074 INFO  [Log] BEGIN ChangEmailPageTomcat 
2016-04-13 23:53:43,074 INFO  [Log] **************************************************************************************** 
2016-04-13 23:54:00,939 INFO  [Log] AccountProfile after Pause 4000. 
2016-04-13 23:54:00,939 INFO  [Log] Start the next method start 4000. 
2016-04-13 23:54:01,534 INFO  [Log] My Activities Page logout button clicked. 
2016-04-13 23:54:01,536 INFO  [Log] **************************************************************************************** 
2016-04-13 23:54:01,536 INFO  [Log] END ChangeEmailPageTomcat 
2016-04-13 23:54:01,536 INFO  [Log] **************************************************************************************** 
2016-04-13 23:54:01,536 INFO  [Log] X 
2016-04-13 23:54:01,536 INFO  [Log] X 
2016-04-13 23:55:20,177 INFO  [Log] **************************************************************************************** 
2016-04-13 23:55:20,178 INFO  [Log] BEGIN ChangEmailPageTomcat 
2016-04-13 23:55:20,180 INFO  [Log] **************************************************************************************** 
2016-04-13 23:55:36,342 INFO  [Log] **************************************************************************************** 
2016-04-13 23:55:36,342 INFO  [Log] END ChangeEmailPageTomcat 
2016-04-13 23:55:36,342 INFO  [Log] **************************************************************************************** 
2016-04-13 23:55:36,342 INFO  [Log] X 
2016-04-13 23:55:36,342 INFO  [Log] X 
2016-04-13 23:59:19,619 INFO  [Log] **************************************************************************************** 
2016-04-13 23:59:19,620 INFO  [Log] BEGIN ChangEmailPageTomcat 
2016-04-13 23:59:19,620 INFO  [Log] **************************************************************************************** 
2016-04-13 23:59:45,063 INFO  [Log] **************************************************************************************** 
2016-04-13 23:59:45,063 INFO  [Log] END ChangeEmailPageTomcat 
2016-04-13 23:59:45,063 INFO  [Log] **************************************************************************************** 
2016-04-13 23:59:45,063 INFO  [Log] X 
2016-04-13 23:59:45,063 INFO  [Log] X 
2016-04-14 00:00:28,404 INFO  [Log] **************************************************************************************** 
2016-04-14 00:00:28,405 INFO  [Log] BEGIN ChangEmailPageTomcat 
2016-04-14 00:00:28,405 INFO  [Log] **************************************************************************************** 
2016-04-14 00:00:49,601 INFO  [Log] AccountProfile after Pause 4000. 
2016-04-14 00:00:49,601 INFO  [Log] Start the next method start 4000. 
2016-04-14 00:00:50,088 INFO  [Log] My Activities Page logout button clicked. 
2016-04-14 00:00:50,090 INFO  [Log] **************************************************************************************** 
2016-04-14 00:00:50,090 INFO  [Log] END ChangeEmailPageTomcat 
2016-04-14 00:00:50,090 INFO  [Log] **************************************************************************************** 
2016-04-14 00:00:50,090 INFO  [Log] X 
2016-04-14 00:00:50,090 INFO  [Log] X 
2016-04-14 00:02:29,729 INFO  [Log] **************************************************************************************** 
2016-04-14 00:02:29,730 INFO  [Log] BEGIN ChangEmailPageTomcat 
2016-04-14 00:02:29,730 INFO  [Log] **************************************************************************************** 
2016-04-14 00:02:47,452 INFO  [Log] AccountProfile after Pause 4000. 
2016-04-14 00:02:47,452 INFO  [Log] Start the next method start 4000. 
2016-04-14 00:02:47,878 INFO  [Log] My Activities Page logout button clicked. 
2016-04-14 00:02:47,880 INFO  [Log] **************************************************************************************** 
2016-04-14 00:02:47,880 INFO  [Log] END ChangeEmailPageTomcat 
2016-04-14 00:02:47,880 INFO  [Log] **************************************************************************************** 
2016-04-14 00:02:47,880 INFO  [Log] X 
2016-04-14 00:02:47,880 INFO  [Log] X 
2016-04-14 00:06:11,718 INFO  [Log] **************************************************************************************** 
2016-04-14 00:06:11,720 INFO  [Log] BEGIN ChangEmailPageTomcat 
2016-04-14 00:06:11,720 INFO  [Log] **************************************************************************************** 
2016-04-14 00:06:11,733 INFO  [Log] Start the next method start 4000. 
2016-04-14 00:06:29,518 INFO  [Log] AccountProfile after Pause 4000. 
2016-04-14 00:06:29,518 INFO  [Log] Start the next method start 4000. 
2016-04-14 00:06:29,520 INFO  [Log] **************************************************************************************** 
2016-04-14 00:06:29,520 INFO  [Log] END ChangeEmailPageTomcat 
2016-04-14 00:06:29,520 INFO  [Log] **************************************************************************************** 
2016-04-14 00:06:29,520 INFO  [Log] X 
2016-04-14 00:06:29,520 INFO  [Log] X 
2016-04-14 00:09:55,214 INFO  [Log] **************************************************************************************** 
2016-04-14 00:09:55,215 INFO  [Log] BEGIN ChangEmailPageTomcat 
2016-04-14 00:09:55,215 INFO  [Log] **************************************************************************************** 
2016-04-14 00:09:55,235 INFO  [Log] Start the next method start 4000. 
2016-04-14 00:10:13,422 INFO  [Log] AccountProfile after Pause 4000. 
2016-04-14 00:10:13,422 INFO  [Log] Start the next method start 4000. 
2016-04-14 00:10:13,426 INFO  [Log] **************************************************************************************** 
2016-04-14 00:10:13,426 INFO  [Log] END ChangeEmailPageTomcat 
2016-04-14 00:10:13,426 INFO  [Log] **************************************************************************************** 
2016-04-14 00:10:13,426 INFO  [Log] X 
2016-04-14 00:10:13,426 INFO  [Log] X 
2016-04-14 00:12:01,745 INFO  [Log] **************************************************************************************** 
2016-04-14 00:12:01,746 INFO  [Log] BEGIN ChangEmailPageTomcat 
2016-04-14 00:12:01,747 INFO  [Log] **************************************************************************************** 
2016-04-14 00:12:01,768 INFO  [Log] Start the next method start 4000. 
2016-04-14 00:12:19,616 INFO  [Log] AccountProfile after Pause 4000. 
2016-04-14 00:12:19,616 INFO  [Log] Start the next method start 4000. 
2016-04-14 00:12:19,618 INFO  [Log] **************************************************************************************** 
2016-04-14 00:12:19,618 INFO  [Log] END ChangeEmailPageTomcat 
2016-04-14 00:12:19,618 INFO  [Log] **************************************************************************************** 
2016-04-14 00:12:19,618 INFO  [Log] X 
2016-04-14 00:12:19,618 INFO  [Log] X 
2016-04-14 05:40:24,406 INFO  [Log] **************************************************************************************** 
2016-04-14 05:40:24,408 INFO  [Log] BEGIN ChangEmailPageTomcat 
2016-04-14 05:40:24,408 INFO  [Log] **************************************************************************************** 
2016-04-14 05:40:42,112 INFO  [Log] AccountProfile after Pause 4000. 
2016-04-14 05:40:42,112 INFO  [Log] Start the next method start 4000. 
2016-04-14 05:40:45,515 INFO  [Log] Start the next method start 4000. 
2016-04-14 05:40:46,022 INFO  [Log] My Activities Page logout button clicked. 
2016-04-14 05:40:46,028 INFO  [Log] **************************************************************************************** 
2016-04-14 05:40:46,028 INFO  [Log] END ChangeEmailPageTomcat 
2016-04-14 05:40:46,028 INFO  [Log] **************************************************************************************** 
2016-04-14 05:40:46,028 INFO  [Log] X 
2016-04-14 05:40:46,028 INFO  [Log] X 
2016-04-14 06:53:09,093 INFO  [Log] **************************************************************************************** 
2016-04-14 06:53:09,094 INFO  [Log] BEGIN New Lodgement PageTomcat 
2016-04-14 06:53:09,095 INFO  [Log] **************************************************************************************** 
2016-04-14 06:53:22,858 INFO  [Log] Start the next method start 4000. 
2016-04-14 06:53:23,426 INFO  [Log] My Activities Page logout button clicked. 
2016-04-14 06:53:23,428 INFO  [Log] **************************************************************************************** 
2016-04-14 06:53:23,428 INFO  [Log] END New Lodgement PageTomcat 
2016-04-14 06:53:23,428 INFO  [Log] **************************************************************************************** 
2016-04-14 06:53:23,428 INFO  [Log] X 
2016-04-14 06:53:23,428 INFO  [Log] X 
2016-04-14 06:55:50,511 INFO  [Log] **************************************************************************************** 
2016-04-14 06:55:50,513 INFO  [Log] BEGIN New Lodgement PageTomcat 
2016-04-14 06:55:50,515 INFO  [Log] **************************************************************************************** 
2016-04-14 06:56:04,048 INFO  [Log] Start the next method start 4000. 
2016-04-14 06:56:04,540 INFO  [Log] My Activities Page logout button clicked. 
2016-04-14 06:56:04,547 INFO  [Log] **************************************************************************************** 
2016-04-14 06:56:04,547 INFO  [Log] END New Lodgement PageTomcat 
2016-04-14 06:56:04,547 INFO  [Log] **************************************************************************************** 
2016-04-14 06:56:04,547 INFO  [Log] X 
2016-04-14 06:56:04,547 INFO  [Log] X 
2016-04-14 07:33:07,605 INFO  [Log] **************************************************************************************** 
2016-04-14 07:33:07,605 INFO  [Log] BEGIN New Lodgement PageTomcat 
2016-04-14 07:33:07,606 INFO  [Log] **************************************************************************************** 
2016-04-14 07:33:25,856 INFO  [Log] Start the next method start 4000. 
2016-04-14 07:33:26,440 INFO  [Log] My Activities Page logout button clicked. 
2016-04-14 07:33:26,443 INFO  [Log] **************************************************************************************** 
2016-04-14 07:33:26,443 INFO  [Log] END New Lodgement PageTomcat 
2016-04-14 07:33:26,443 INFO  [Log] **************************************************************************************** 
2016-04-14 07:33:26,443 INFO  [Log] X 
2016-04-14 07:33:26,443 INFO  [Log] X 
2016-04-14 07:44:23,040 INFO  [Log] **************************************************************************************** 
2016-04-14 07:44:23,041 INFO  [Log] BEGIN New Lodgement PageTomcat 
2016-04-14 07:44:23,041 INFO  [Log] **************************************************************************************** 
2016-04-14 07:44:41,046 INFO  [Log] Start the next method start 4000. 
2016-04-14 07:44:41,559 INFO  [Log] My Activities Page logout button clicked. 
2016-04-14 07:44:41,564 INFO  [Log] **************************************************************************************** 
2016-04-14 07:44:41,564 INFO  [Log] END New Lodgement PageTomcat 
2016-04-14 07:44:41,564 INFO  [Log] **************************************************************************************** 
2016-04-14 07:44:41,564 INFO  [Log] X 
2016-04-14 07:44:41,564 INFO  [Log] X 
2016-04-14 21:48:06,153 INFO  [Log] **************************************************************************************** 
2016-04-14 21:48:06,162 INFO  [Log] BEGIN New Lodgement PageTomcat 
2016-04-14 21:48:06,163 INFO  [Log] **************************************************************************************** 
2016-04-14 21:48:20,231 INFO  [Log] **************************************************************************************** 
2016-04-14 21:48:20,231 INFO  [Log] END New Lodgement PageTomcat 
2016-04-14 21:48:20,231 INFO  [Log] **************************************************************************************** 
2016-04-14 21:48:20,231 INFO  [Log] X 
2016-04-14 21:48:20,231 INFO  [Log] X 
2016-04-14 21:48:54,403 INFO  [Log] **************************************************************************************** 
2016-04-14 21:48:54,404 INFO  [Log] BEGIN New Lodgement PageTomcat 
2016-04-14 21:48:54,406 INFO  [Log] **************************************************************************************** 
2016-04-14 21:49:08,105 INFO  [Log] **************************************************************************************** 
2016-04-14 21:49:08,105 INFO  [Log] END New Lodgement PageTomcat 
2016-04-14 21:49:08,105 INFO  [Log] **************************************************************************************** 
2016-04-14 21:49:08,105 INFO  [Log] X 
2016-04-14 21:49:08,105 INFO  [Log] X 
2016-04-14 21:51:07,610 INFO  [Log] **************************************************************************************** 
2016-04-14 21:51:07,611 INFO  [Log] BEGIN New Lodgement PageTomcat 
2016-04-14 21:51:07,613 INFO  [Log] **************************************************************************************** 
2016-04-14 21:51:21,146 INFO  [Log] **************************************************************************************** 
2016-04-14 21:51:21,146 INFO  [Log] END New Lodgement PageTomcat 
2016-04-14 21:51:21,146 INFO  [Log] **************************************************************************************** 
2016-04-14 21:51:21,146 INFO  [Log] X 
2016-04-14 21:51:21,146 INFO  [Log] X 
2016-04-14 21:55:28,953 INFO  [Log] **************************************************************************************** 
2016-04-14 21:55:28,954 INFO  [Log] BEGIN New Lodgement PageTomcat 
2016-04-14 21:55:28,956 INFO  [Log] **************************************************************************************** 
2016-04-14 21:55:46,784 INFO  [Log] Start the next method start 4000. 
2016-04-14 21:55:47,375 INFO  [Log] My Activities Page logout button clicked. 
2016-04-14 21:55:47,379 INFO  [Log] **************************************************************************************** 
2016-04-14 21:55:47,379 INFO  [Log] END New Lodgement PageTomcat 
2016-04-14 21:55:47,379 INFO  [Log] **************************************************************************************** 
2016-04-14 21:55:47,379 INFO  [Log] X 
2016-04-14 21:55:47,379 INFO  [Log] X 
2016-04-14 21:56:19,171 INFO  [Log] **************************************************************************************** 
2016-04-14 21:56:19,172 INFO  [Log] BEGIN New Lodgement PageTomcat 
2016-04-14 21:56:19,172 INFO  [Log] **************************************************************************************** 
2016-04-14 21:56:36,752 INFO  [Log] Start the next method start 4000. 
2016-04-14 21:56:37,203 INFO  [Log] My Activities Page logout button clicked. 
2016-04-14 21:56:37,210 INFO  [Log] **************************************************************************************** 
2016-04-14 21:56:37,210 INFO  [Log] END New Lodgement PageTomcat 
2016-04-14 21:56:37,210 INFO  [Log] **************************************************************************************** 
2016-04-14 21:56:37,210 INFO  [Log] X 
2016-04-14 21:56:37,210 INFO  [Log] X 
2016-04-14 21:57:09,968 INFO  [Log] **************************************************************************************** 
2016-04-14 21:57:09,968 INFO  [Log] BEGIN New Lodgement PageTomcat 
2016-04-14 21:57:09,969 INFO  [Log] **************************************************************************************** 
2016-04-14 21:57:28,004 INFO  [Log] Start the next method start 4000. 
2016-04-14 21:57:28,442 INFO  [Log] My Activities Page logout button clicked. 
2016-04-14 21:57:28,446 INFO  [Log] **************************************************************************************** 
2016-04-14 21:57:28,446 INFO  [Log] END New Lodgement PageTomcat 
2016-04-14 21:57:28,446 INFO  [Log] **************************************************************************************** 
2016-04-14 21:57:28,446 INFO  [Log] X 
2016-04-14 21:57:28,448 INFO  [Log] X 
2016-04-14 21:59:20,504 INFO  [Log] **************************************************************************************** 
2016-04-14 21:59:20,505 INFO  [Log] BEGIN New Lodgement PageTomcat 
2016-04-14 21:59:20,505 INFO  [Log] **************************************************************************************** 
2016-04-14 21:59:38,544 INFO  [Log] Start the next method start 4000. 
2016-04-14 21:59:39,033 INFO  [Log] My Activities Page logout button clicked. 
2016-04-14 21:59:39,035 INFO  [Log] **************************************************************************************** 
2016-04-14 21:59:39,035 INFO  [Log] END New Lodgement PageTomcat 
2016-04-14 21:59:39,035 INFO  [Log] **************************************************************************************** 
2016-04-14 21:59:39,035 INFO  [Log] X 
2016-04-14 21:59:39,036 INFO  [Log] X 
2016-04-14 22:00:52,798 INFO  [Log] **************************************************************************************** 
2016-04-14 22:00:52,807 INFO  [Log] BEGIN New Lodgement PageTomcat 
2016-04-14 22:00:52,810 INFO  [Log] **************************************************************************************** 
2016-04-14 22:01:06,405 INFO  [Log] **************************************************************************************** 
2016-04-14 22:01:06,405 INFO  [Log] END New Lodgement PageTomcat 
2016-04-14 22:01:06,405 INFO  [Log] **************************************************************************************** 
2016-04-14 22:01:06,405 INFO  [Log] X 
2016-04-14 22:01:06,405 INFO  [Log] X 
2016-04-14 22:08:58,661 INFO  [Log] **************************************************************************************** 
2016-04-14 22:08:58,662 INFO  [Log] BEGIN New Lodgement PageTomcat 
2016-04-14 22:08:58,663 INFO  [Log] **************************************************************************************** 
2016-04-14 22:09:12,258 INFO  [Log] **************************************************************************************** 
2016-04-14 22:09:12,258 INFO  [Log] END New Lodgement PageTomcat 
2016-04-14 22:09:12,258 INFO  [Log] **************************************************************************************** 
2016-04-14 22:09:12,258 INFO  [Log] X 
2016-04-14 22:09:12,258 INFO  [Log] X 
2016-04-14 22:22:38,959 INFO  [Log] **************************************************************************************** 
2016-04-14 22:22:38,960 INFO  [Log] BEGIN New Lodgement PageTomcat 
2016-04-14 22:22:38,962 INFO  [Log] **************************************************************************************** 
2016-04-14 22:22:52,601 INFO  [Log] **************************************************************************************** 
2016-04-14 22:22:52,601 INFO  [Log] END New Lodgement PageTomcat 
2016-04-14 22:22:52,601 INFO  [Log] **************************************************************************************** 
2016-04-14 22:22:52,602 INFO  [Log] X 
2016-04-14 22:22:52,602 INFO  [Log] X 
2016-04-14 22:37:08,293 INFO  [Log] **************************************************************************************** 
2016-04-14 22:37:08,294 INFO  [Log] BEGIN New Lodgement PageTomcat 
2016-04-14 22:37:08,295 INFO  [Log] **************************************************************************************** 
2016-04-14 22:37:26,355 INFO  [Log] Start the next method start 4000. 
2016-04-14 22:37:26,846 INFO  [Log] My Activities Page logout button clicked. 
2016-04-14 22:37:26,849 INFO  [Log] **************************************************************************************** 
2016-04-14 22:37:26,849 INFO  [Log] END New Lodgement PageTomcat 
2016-04-14 22:37:26,849 INFO  [Log] **************************************************************************************** 
2016-04-14 22:37:26,849 INFO  [Log] X 
2016-04-14 22:37:26,849 INFO  [Log] X 
2016-04-14 22:54:21,349 INFO  [Log] **************************************************************************************** 
2016-04-14 22:54:21,350 INFO  [Log] BEGIN New Lodgement PageTomcat 
2016-04-14 22:54:21,352 INFO  [Log] **************************************************************************************** 
2016-04-14 22:54:39,426 INFO  [Log] Start the next method start 4000. 
2016-04-14 22:54:39,959 INFO  [Log] My Activities Page logout button clicked. 
2016-04-14 22:54:39,962 INFO  [Log] **************************************************************************************** 
2016-04-14 22:54:39,963 INFO  [Log] END New Lodgement PageTomcat 
2016-04-14 22:54:39,963 INFO  [Log] **************************************************************************************** 
2016-04-14 22:54:39,963 INFO  [Log] X 
2016-04-14 22:54:39,963 INFO  [Log] X 
2016-04-14 23:08:08,444 INFO  [Log] **************************************************************************************** 
2016-04-14 23:08:08,445 INFO  [Log] BEGIN New Lodgement PageTomcat 
2016-04-14 23:08:08,447 INFO  [Log] **************************************************************************************** 
2016-04-14 23:08:26,607 INFO  [Log] Start the next method start 4000. 
2016-04-14 23:08:27,162 INFO  [Log] My Activities Page logout button clicked. 
2016-04-14 23:08:27,254 INFO  [Log] **************************************************************************************** 
2016-04-14 23:08:27,254 INFO  [Log] END New Lodgement PageTomcat 
2016-04-14 23:08:27,254 INFO  [Log] **************************************************************************************** 
2016-04-14 23:08:27,254 INFO  [Log] X 
2016-04-14 23:08:27,254 INFO  [Log] X 
2016-04-14 23:16:12,635 INFO  [Log] **************************************************************************************** 
2016-04-14 23:16:12,638 INFO  [Log] BEGIN New Lodgement PageTomcat 
2016-04-14 23:16:12,638 INFO  [Log] **************************************************************************************** 
2016-04-14 23:16:28,988 INFO  [Log] Start the next method start 4000. 
2016-04-14 23:16:29,536 INFO  [Log] My Activities Page logout button clicked. 
2016-04-14 23:16:29,540 INFO  [Log] **************************************************************************************** 
2016-04-14 23:16:29,541 INFO  [Log] END New Lodgement PageTomcat 
2016-04-14 23:16:29,541 INFO  [Log] **************************************************************************************** 
2016-04-14 23:16:29,541 INFO  [Log] X 
2016-04-14 23:16:29,541 INFO  [Log] X 
2016-04-14 23:58:44,585 INFO  [Log] **************************************************************************************** 
2016-04-14 23:58:44,586 INFO  [Log] BEGIN New Lodgement PageTomcat 
2016-04-14 23:58:44,586 INFO  [Log] **************************************************************************************** 
2016-04-14 23:59:54,435 INFO  [Log] Start the next method start 4000. 
2016-04-14 23:59:55,820 INFO  [Log] My Activities Page logout button clicked. 
2016-04-14 23:59:55,822 INFO  [Log] **************************************************************************************** 
2016-04-14 23:59:55,822 INFO  [Log] END New Lodgement PageTomcat 
2016-04-14 23:59:55,823 INFO  [Log] **************************************************************************************** 
2016-04-14 23:59:55,823 INFO  [Log] X 
2016-04-14 23:59:55,823 INFO  [Log] X 
2016-04-15 00:01:55,774 INFO  [Log] **************************************************************************************** 
2016-04-15 00:01:55,774 INFO  [Log] BEGIN New Lodgement PageTomcat 
2016-04-15 00:01:55,775 INFO  [Log] **************************************************************************************** 
2016-04-15 00:02:34,270 INFO  [Log] **************************************************************************************** 
2016-04-15 00:02:34,270 INFO  [Log] END New Lodgement PageTomcat 
2016-04-15 00:02:34,270 INFO  [Log] **************************************************************************************** 
2016-04-15 00:02:34,270 INFO  [Log] X 
2016-04-15 00:02:34,270 INFO  [Log] X 
2016-04-15 00:16:24,378 INFO  [Log] **************************************************************************************** 
2016-04-15 00:16:24,381 INFO  [Log] BEGIN New Lodgement PageTomcat 
2016-04-15 00:16:24,381 INFO  [Log] **************************************************************************************** 
2016-04-15 00:17:34,881 INFO  [Log] Start the next method start 4000. 
2016-04-15 00:17:37,236 INFO  [Log] My Activities Page logout button clicked. 
2016-04-15 00:17:37,238 INFO  [Log] **************************************************************************************** 
2016-04-15 00:17:37,238 INFO  [Log] END New Lodgement PageTomcat 
2016-04-15 00:17:37,238 INFO  [Log] **************************************************************************************** 
2016-04-15 00:17:37,238 INFO  [Log] X 
2016-04-15 00:17:37,239 INFO  [Log] X 
2016-04-15 00:19:56,016 INFO  [Log] **************************************************************************************** 
2016-04-15 00:19:56,017 INFO  [Log] BEGIN New Lodgement PageTomcat 
2016-04-15 00:19:56,019 INFO  [Log] **************************************************************************************** 
2016-04-15 00:20:25,847 INFO  [Log] Start the next method start 4000. 
2016-04-15 00:20:28,827 INFO  [Log] My Activities Page logout button clicked. 
2016-04-15 00:20:28,831 INFO  [Log] **************************************************************************************** 
2016-04-15 00:20:28,831 INFO  [Log] END New Lodgement PageTomcat 
2016-04-15 00:20:28,831 INFO  [Log] **************************************************************************************** 
2016-04-15 00:20:28,831 INFO  [Log] X 
2016-04-15 00:20:28,831 INFO  [Log] X 
2016-04-15 06:17:02,132 INFO  [Log] **************************************************************************************** 
2016-04-15 06:17:02,133 INFO  [Log] BEGIN New Lodgement PageTomcat 
2016-04-15 06:17:02,133 INFO  [Log] **************************************************************************************** 
2016-04-15 06:17:13,587 INFO  [Log] Start the next method start 4000. 
2016-04-15 06:17:14,157 INFO  [Log] My Activities Page logout button clicked. 
2016-04-15 06:17:14,159 INFO  [Log] **************************************************************************************** 
2016-04-15 06:17:14,159 INFO  [Log] END New Lodgement PageTomcat 
2016-04-15 06:17:14,159 INFO  [Log] **************************************************************************************** 
2016-04-15 06:17:14,159 INFO  [Log] X 
2016-04-15 06:17:14,159 INFO  [Log] X 
2016-04-15 06:25:24,244 INFO  [Log] **************************************************************************************** 
2016-04-15 06:25:24,246 INFO  [Log] BEGIN New Lodgement PageTomcat 
2016-04-15 06:25:24,247 INFO  [Log] **************************************************************************************** 
2016-04-15 06:25:35,198 INFO  [Log] Start the next method start 4000. 
2016-04-15 06:25:35,705 INFO  [Log] My Activities Page logout button clicked. 
2016-04-15 06:25:35,707 INFO  [Log] **************************************************************************************** 
2016-04-15 06:25:35,708 INFO  [Log] END New Lodgement PageTomcat 
2016-04-15 06:25:35,708 INFO  [Log] **************************************************************************************** 
2016-04-15 06:25:35,708 INFO  [Log] X 
2016-04-15 06:25:35,708 INFO  [Log] X 
2016-04-15 06:32:55,413 INFO  [Log] **************************************************************************************** 
2016-04-15 06:32:55,414 INFO  [Log] BEGIN New Lodgement PageTomcat 
2016-04-15 06:32:55,414 INFO  [Log] **************************************************************************************** 
2016-04-15 06:33:12,270 INFO  [Log] Start the next method start 4000. 
2016-04-15 06:33:12,770 INFO  [Log] My Activities Page logout button clicked. 
2016-04-15 06:33:12,821 INFO  [Log] **************************************************************************************** 
2016-04-15 06:33:12,821 INFO  [Log] END New Lodgement PageTomcat 
2016-04-15 06:33:12,821 INFO  [Log] **************************************************************************************** 
2016-04-15 06:33:12,821 INFO  [Log] X 
2016-04-15 06:33:12,821 INFO  [Log] X 
